Determining if the pthread_create exist failed with the following output:
Change Dir: /home/turtlebot/catkin_ws/src/CMakeFiles/CMakeTmp

Run Build Command:/usr/bin/make "cmTryCompileExec375180389/fast"
/usr/bin/make -f CMakeFiles/cmTryCompileExec375180389.dir/build.make CMakeFiles/cmTryCompileExec375180389.dir/build
make[1]: 正在进入目录 `/home/turtlebot/catkin_ws/src/CMakeFiles/CMakeTmp'
/usr/bin/cmake -E cmake_progress_report /home/turtlebot/catkin_ws/src/CMakeFiles/CMakeTmp/CMakeFiles 1
Building C object CMakeFiles/cmTryCompileExec375180389.dir/CheckSymbolExists.c.o
/usr/bin/cc    -o CMakeFiles/cmTryCompileExec375180389.dir/CheckSymbolExists.c.o   -c /home/turtlebot/catkin_ws/src/CMakeFiles/CMakeTmp/CheckSymbolExists.c
Linking C executable cmTryCompileExec375180389
/usr/bin/cmake -E cmake_link_script CMakeFiles/cmTryCompileExec375180389.dir/link.txt --verbose=1
/usr/bin/cc       CMakeFiles/cmTryCompileExec375180389.dir/CheckSymbolExists.c.o  -o cmTryCompileExec375180389 -rdynamic 
CMakeFiles/cmTryCompileExec375180389.dir/CheckSymbolExists.c.o：在函数‘main’中：
CheckSymbolExists.c:(.text+0x16)：对‘pthread_create’未定义的引用
collect2: error: ld returned 1 exit status
make[1]: *** [cmTryCompileExec375180389] 错误 1
make[1]:正在离开目录 `/home/turtlebot/catkin_ws/src/CMakeFiles/CMakeTmp'
make: *** [cmTryCompileExec375180389/fast] 错误 2

File /home/turtlebot/catkin_ws/src/CMakeFiles/CMakeTmp/CheckSymbolExists.c:
/* */
#include <pthread.h>

int main(int argc, char** argv)
{
  (void)argv;
#ifndef pthread_create
  return ((int*)(&pthread_create))[argc];
#else
  (void)argc;
  return 0;
#endif
}

Determining if the function pthread_create exists in the pthreads failed with the following output:
Change Dir: /home/turtlebot/catkin_ws/src/CMakeFiles/CMakeTmp

Run Build Command:/usr/bin/make "cmTryCompileExec1534188975/fast"
/usr/bin/make -f CMakeFiles/cmTryCompileExec1534188975.dir/build.make CMakeFiles/cmTryCompileExec1534188975.dir/build
make[1]: 正在进入目录 `/home/turtlebot/catkin_ws/src/CMakeFiles/CMakeTmp'
/usr/bin/cmake -E cmake_progress_report /home/turtlebot/catkin_ws/src/CMakeFiles/CMakeTmp/CMakeFiles 1
Building C object CMakeFiles/cmTryCompileExec1534188975.dir/CheckFunctionExists.c.o
/usr/bin/cc   -DCHECK_FUNCTION_EXISTS=pthread_create   -o CMakeFiles/cmTryCompileExec1534188975.dir/CheckFunctionExists.c.o   -c /usr/share/cmake-2.8/Modules/CheckFunctionExists.c
Linking C executable cmTryCompileExec1534188975
/usr/bin/cmake -E cmake_link_script CMakeFiles/cmTryCompileExec1534188975.dir/link.txt --verbose=1
/usr/bin/cc   -DCHECK_FUNCTION_EXISTS=pthread_create    CMakeFiles/cmTryCompileExec1534188975.dir/CheckFunctionExists.c.o  -o cmTryCompileExec1534188975 -rdynamic -lpthreads 
/usr/bin/ld: cannot find -lpthreads
collect2: error: ld returned 1 exit status
make[1]: *** [cmTryCompileExec1534188975] 错误 1
make[1]:正在离开目录 `/home/turtlebot/catkin_ws/src/CMakeFiles/CMakeTmp'
make: *** [cmTryCompileExec1534188975/fast] 错误 2


